<?xml version="1.0" encoding="UTF-8"?>
<coverage generated="1683941082263" clover="3.2.0">
  <project timestamp="1683941082263" name="All files">
    <metrics statements="54" coveredstatements="51" conditionals="20" coveredconditionals="17" methods="6" coveredmethods="6" elements="80" coveredelements="74" complexity="0" loc="54" ncloc="54" packages="1" files="6" classes="6"/>
    <file name="Contagem.js" path="C:\Users\Thyago\Documents\unifor\2 semestre\ambiente software\av3\entregavel_4\funcoes\Contagem.js">
      <metrics statements="8" coveredstatements="8" conditionals="2" coveredconditionals="2" methods="1" coveredmethods="1"/>
      <line num="2" count="4" type="stmt"/>
      <line num="3" count="4" type="stmt"/>
      <line num="5" count="4" type="stmt"/>
      <line num="6" count="40" type="cond" truecount="2" falsecount="0"/>
      <line num="7" count="22" type="stmt"/>
      <line num="9" count="18" type="stmt"/>
      <line num="13" count="4" type="stmt"/>
      <line num="16" count="2" type="stmt"/>
    </file>
    <file name="Fibonacci.js" path="C:\Users\Thyago\Documents\unifor\2 semestre\ambiente software\av3\entregavel_4\funcoes\Fibonacci.js">
      <metrics statements="16" coveredstatements="14" conditionals="6" coveredconditionals="4" methods="1" coveredmethods="1"/>
      <line num="4" count="4" type="stmt"/>
      <line num="5" count="4" type="stmt"/>
      <line num="7" count="4" type="cond" truecount="1" falsecount="1"/>
      <line num="8" count="0" type="stmt"/>
      <line num="9" count="4" type="cond" truecount="1" falsecount="1"/>
      <line num="10" count="0" type="stmt"/>
      <line num="11" count="4" type="cond" truecount="2" falsecount="0"/>
      <line num="12" count="2" type="stmt"/>
      <line num="15" count="2" type="stmt"/>
      <line num="17" count="2" type="stmt"/>
      <line num="18" count="16" type="stmt"/>
      <line num="19" count="16" type="stmt"/>
      <line num="20" count="16" type="stmt"/>
      <line num="21" count="16" type="stmt"/>
      <line num="23" count="2" type="stmt"/>
      <line num="27" count="2" type="stmt"/>
    </file>
    <file name="MDC.js" path="C:\Users\Thyago\Documents\unifor\2 semestre\ambiente software\av3\entregavel_4\funcoes\MDC.js">
      <metrics statements="4" coveredstatements="4" conditionals="2" coveredconditionals="2" methods="1" coveredmethods="1"/>
      <line num="2" count="14" type="cond" truecount="2" falsecount="0"/>
      <line num="3" count="4" type="stmt"/>
      <line num="5" count="10" type="stmt"/>
      <line num="8" count="2" type="stmt"/>
    </file>
    <file name="NumeroPrimo.js" path="C:\Users\Thyago\Documents\unifor\2 semestre\ambiente software\av3\entregavel_4\funcoes\NumeroPrimo.js">
      <metrics statements="7" coveredstatements="6" conditionals="4" coveredconditionals="3" methods="1" coveredmethods="1"/>
      <line num="2" count="4" type="cond" truecount="1" falsecount="1"/>
      <line num="3" count="0" type="stmt"/>
      <line num="6" count="4" type="stmt"/>
      <line num="7" count="56" type="cond" truecount="2" falsecount="0"/>
      <line num="8" count="2" type="stmt"/>
      <line num="12" count="2" type="stmt"/>
      <line num="15" count="2" type="stmt"/>
    </file>
    <file name="Ordenaçao.js" path="C:\Users\Thyago\Documents\unifor\2 semestre\ambiente software\av3\entregavel_4\funcoes\Ordenaçao.js">
      <metrics statements="14" coveredstatements="14" conditionals="6" coveredconditionals="6" methods="1" coveredmethods="1"/>
      <line num="2" count="38" type="cond" truecount="2" falsecount="0"/>
      <line num="3" count="22" type="stmt"/>
      <line num="6" count="16" type="stmt"/>
      <line num="7" count="16" type="stmt"/>
      <line num="9" count="16" type="stmt"/>
      <line num="10" count="16" type="stmt"/>
      <line num="12" count="16" type="stmt"/>
      <line num="13" count="78" type="cond" truecount="2" falsecount="0"/>
      <line num="14" count="16" type="stmt"/>
      <line num="17" count="62" type="cond" truecount="2" falsecount="0"/>
      <line num="18" count="21" type="stmt"/>
      <line num="20" count="41" type="stmt"/>
      <line num="24" count="16" type="stmt"/>
      <line num="27" count="2" type="stmt"/>
    </file>
    <file name="SomaDeConjunto.js" path="C:\Users\Thyago\Documents\unifor\2 semestre\ambiente software\av3\entregavel_4\funcoes\SomaDeConjunto.js">
      <metrics statements="5" coveredstatements="5" conditionals="0" coveredconditionals="0" methods="1" coveredmethods="1"/>
      <line num="2" count="10" type="stmt"/>
      <line num="3" count="10" type="stmt"/>
      <line num="4" count="18" type="stmt"/>
      <line num="6" count="10" type="stmt"/>
      <line num="9" count="2" type="stmt"/>
    </file>
  </project>
</coverage>
