{"C:\\Users\\Thyago\\Documents\\unifor\\2 semestre\\ambiente software\\av3\\entregavel_4\\funcoes\\Contagem.js": {"path":"C:\\Users\\Thyago\\Documents\\unifor\\2 semestre\\ambiente software\\av3\\entregavel_4\\funcoes\\Contagem.js","statementMap":{"0":{"start":{"line":2,"column":22},"end":{"line":2,"column":23}},"1":{"start":{"line":3,"column":22},"end":{"line":3,"column":23}},"2":{"start":{"line":5,"column":4},"end":{"line":11,"column":5}},"3":{"start":{"line":5,"column":17},"end":{"line":5,"column":18}},"4":{"start":{"line":6,"column":6},"end":{"line":10,"column":7}},"5":{"start":{"line":7,"column":8},"end":{"line":7,"column":22}},"6":{"start":{"line":9,"column":8},"end":{"line":9,"column":22}},"7":{"start":{"line":13,"column":4},"end":{"line":13,"column":63}},"8":{"start":{"line":16,"column":0},"end":{"line":16,"column":26}}},"fnMap":{"0":{"name":"Contagem","decl":{"start":{"line":1,"column":9},"end":{"line":1,"column":17}},"loc":{"start":{"line":1,"column":25},"end":{"line":14,"column":3}},"line":1}},"branchMap":{"0":{"loc":{"start":{"line":6,"column":6},"end":{"line":10,"column":7}},"type":"if","locations":[{"start":{"line":6,"column":6},"end":{"line":10,"column":7}},{"start":{"line":8,"column":13},"end":{"line":10,"column":7}}],"line":6}},"s":{"0":4,"1":4,"2":4,"3":4,"4":40,"5":22,"6":18,"7":4,"8":2},"f":{"0":4},"b":{"0":[22,18]},"_coverageSchema":"1a1c01bbd47fc00a2c39e90264f33305004495a9","hash":"fedc1a40b5f7879e72d8d9f99f2d3082d4b22596"}
,"C:\\Users\\Thyago\\Documents\\unifor\\2 semestre\\ambiente software\\av3\\entregavel_4\\funcoes\\Fibonacci.js": {"path":"C:\\Users\\Thyago\\Documents\\unifor\\2 semestre\\ambiente software\\av3\\entregavel_4\\funcoes\\Fibonacci.js","statementMap":{"0":{"start":{"line":4,"column":0},"end":{"line":4,"column":7}},"1":{"start":{"line":5,"column":0},"end":{"line":5,"column":7}},"2":{"start":{"line":7,"column":0},"end":{"line":13,"column":1}},"3":{"start":{"line":8,"column":4},"end":{"line":8,"column":12}},"4":{"start":{"line":9,"column":6},"end":{"line":13,"column":1}},"5":{"start":{"line":10,"column":4},"end":{"line":10,"column":14}},"6":{"start":{"line":11,"column":6},"end":{"line":13,"column":1}},"7":{"start":{"line":12,"column":4},"end":{"line":12,"column":16}},"8":{"start":{"line":15,"column":0},"end":{"line":15,"column":15}},"9":{"start":{"line":17,"column":0},"end":{"line":22,"column":1}},"10":{"start":{"line":17,"column":13},"end":{"line":17,"column":14}},"11":{"start":{"line":18,"column":4},"end":{"line":18,"column":23}},"12":{"start":{"line":19,"column":4},"end":{"line":19,"column":12}},"13":{"start":{"line":20,"column":4},"end":{"line":20,"column":18}},"14":{"start":{"line":21,"column":4},"end":{"line":21,"column":27}},"15":{"start":{"line":23,"column":0},"end":{"line":23,"column":14}},"16":{"start":{"line":27,"column":0},"end":{"line":27,"column":27}}},"fnMap":{"0":{"name":"Fibonacci","decl":{"start":{"line":1,"column":9},"end":{"line":1,"column":18}},"loc":{"start":{"line":1,"column":38},"end":{"line":26,"column":1}},"line":1}},"branchMap":{"0":{"loc":{"start":{"line":7,"column":0},"end":{"line":13,"column":1}},"type":"if","locations":[{"start":{"line":7,"column":0},"end":{"line":13,"column":1}},{"start":{"line":9,"column":6},"end":{"line":13,"column":1}}],"line":7},"1":{"loc":{"start":{"line":9,"column":6},"end":{"line":13,"column":1}},"type":"if","locations":[{"start":{"line":9,"column":6},"end":{"line":13,"column":1}},{"start":{"line":11,"column":6},"end":{"line":13,"column":1}}],"line":9},"2":{"loc":{"start":{"line":11,"column":6},"end":{"line":13,"column":1}},"type":"if","locations":[{"start":{"line":11,"column":6},"end":{"line":13,"column":1}},{"start":{},"end":{}}],"line":11}},"s":{"0":4,"1":4,"2":4,"3":0,"4":4,"5":0,"6":4,"7":2,"8":2,"9":2,"10":2,"11":16,"12":16,"13":16,"14":16,"15":2,"16":2},"f":{"0":4},"b":{"0":[0,4],"1":[0,4],"2":[2,2]},"_coverageSchema":"1a1c01bbd47fc00a2c39e90264f33305004495a9","hash":"18ff60e86be8e54d4ef7859f57f0be9cd2275ab6"}
,"C:\\Users\\Thyago\\Documents\\unifor\\2 semestre\\ambiente software\\av3\\entregavel_4\\funcoes\\MDC.js": {"path":"C:\\Users\\Thyago\\Documents\\unifor\\2 semestre\\ambiente software\\av3\\entregavel_4\\funcoes\\MDC.js","statementMap":{"0":{"start":{"line":2,"column":4},"end":{"line":4,"column":5}},"1":{"start":{"line":3,"column":6},"end":{"line":3,"column":15}},"2":{"start":{"line":5,"column":4},"end":{"line":5,"column":25}},"3":{"start":{"line":8,"column":2},"end":{"line":8,"column":23}}},"fnMap":{"0":{"name":"MDC","decl":{"start":{"line":1,"column":9},"end":{"line":1,"column":12}},"loc":{"start":{"line":1,"column":19},"end":{"line":6,"column":3}},"line":1}},"branchMap":{"0":{"loc":{"start":{"line":2,"column":4},"end":{"line":4,"column":5}},"type":"if","locations":[{"start":{"line":2,"column":4},"end":{"line":4,"column":5}},{"start":{},"end":{}}],"line":2}},"s":{"0":14,"1":4,"2":10,"3":2},"f":{"0":14},"b":{"0":[4,10]},"_coverageSchema":"1a1c01bbd47fc00a2c39e90264f33305004495a9","hash":"587f99720648522207dc9990c4f0c1ef0c76f302"}
,"C:\\Users\\Thyago\\Documents\\unifor\\2 semestre\\ambiente software\\av3\\entregavel_4\\funcoes\\NumeroPrimo.js": {"path":"C:\\Users\\Thyago\\Documents\\unifor\\2 semestre\\ambiente software\\av3\\entregavel_4\\funcoes\\NumeroPrimo.js","statementMap":{"0":{"start":{"line":2,"column":4},"end":{"line":4,"column":5}},"1":{"start":{"line":3,"column":6},"end":{"line":3,"column":19}},"2":{"start":{"line":6,"column":4},"end":{"line":10,"column":5}},"3":{"start":{"line":6,"column":17},"end":{"line":6,"column":18}},"4":{"start":{"line":7,"column":6},"end":{"line":9,"column":7}},"5":{"start":{"line":8,"column":8},"end":{"line":8,"column":21}},"6":{"start":{"line":12,"column":4},"end":{"line":12,"column":16}},"7":{"start":{"line":15,"column":2},"end":{"line":15,"column":31}}},"fnMap":{"0":{"name":"NumeroPrimo","decl":{"start":{"line":1,"column":9},"end":{"line":1,"column":20}},"loc":{"start":{"line":1,"column":29},"end":{"line":13,"column":3}},"line":1}},"branchMap":{"0":{"loc":{"start":{"line":2,"column":4},"end":{"line":4,"column":5}},"type":"if","locations":[{"start":{"line":2,"column":4},"end":{"line":4,"column":5}},{"start":{},"end":{}}],"line":2},"1":{"loc":{"start":{"line":7,"column":6},"end":{"line":9,"column":7}},"type":"if","locations":[{"start":{"line":7,"column":6},"end":{"line":9,"column":7}},{"start":{},"end":{}}],"line":7}},"s":{"0":4,"1":0,"2":4,"3":4,"4":56,"5":2,"6":2,"7":2},"f":{"0":4},"b":{"0":[0,4],"1":[2,54]},"_coverageSchema":"1a1c01bbd47fc00a2c39e90264f33305004495a9","hash":"c3f68e2dbe011cf759214c34726c0b4c6a3e10e0"}
,"C:\\Users\\Thyago\\Documents\\unifor\\2 semestre\\ambiente software\\av3\\entregavel_4\\funcoes\\Ordenaçao.js": {"path":"C:\\Users\\Thyago\\Documents\\unifor\\2 semestre\\ambiente software\\av3\\entregavel_4\\funcoes\\Ordenaçao.js","statementMap":{"0":{"start":{"line":2,"column":4},"end":{"line":4,"column":5}},"1":{"start":{"line":3,"column":6},"end":{"line":3,"column":19}},"2":{"start":{"line":6,"column":23},"end":{"line":6,"column":63}},"3":{"start":{"line":7,"column":18},"end":{"line":7,"column":35}},"4":{"start":{"line":9,"column":17},"end":{"line":9,"column":19}},"5":{"start":{"line":10,"column":20},"end":{"line":10,"column":22}},"6":{"start":{"line":12,"column":4},"end":{"line":22,"column":5}},"7":{"start":{"line":12,"column":17},"end":{"line":12,"column":18}},"8":{"start":{"line":13,"column":6},"end":{"line":15,"column":7}},"9":{"start":{"line":14,"column":8},"end":{"line":14,"column":17}},"10":{"start":{"line":17,"column":6},"end":{"line":21,"column":7}},"11":{"start":{"line":18,"column":8},"end":{"line":18,"column":28}},"12":{"start":{"line":20,"column":8},"end":{"line":20,"column":31}},"13":{"start":{"line":24,"column":4},"end":{"line":24,"column":62}},"14":{"start":{"line":27,"column":2},"end":{"line":27,"column":29}}},"fnMap":{"0":{"name":"Ordenacao","decl":{"start":{"line":1,"column":9},"end":{"line":1,"column":18}},"loc":{"start":{"line":1,"column":26},"end":{"line":25,"column":3}},"line":1}},"branchMap":{"0":{"loc":{"start":{"line":2,"column":4},"end":{"line":4,"column":5}},"type":"if","locations":[{"start":{"line":2,"column":4},"end":{"line":4,"column":5}},{"start":{},"end":{}}],"line":2},"1":{"loc":{"start":{"line":13,"column":6},"end":{"line":15,"column":7}},"type":"if","locations":[{"start":{"line":13,"column":6},"end":{"line":15,"column":7}},{"start":{},"end":{}}],"line":13},"2":{"loc":{"start":{"line":17,"column":6},"end":{"line":21,"column":7}},"type":"if","locations":[{"start":{"line":17,"column":6},"end":{"line":21,"column":7}},{"start":{"line":19,"column":13},"end":{"line":21,"column":7}}],"line":17}},"s":{"0":38,"1":22,"2":16,"3":16,"4":16,"5":16,"6":16,"7":16,"8":78,"9":16,"10":62,"11":21,"12":41,"13":16,"14":2},"f":{"0":38},"b":{"0":[22,16],"1":[16,62],"2":[21,41]},"_coverageSchema":"1a1c01bbd47fc00a2c39e90264f33305004495a9","hash":"e5fd30bd382a7fb1942a321e3b59a5c9b38f7f91"}
,"C:\\Users\\Thyago\\Documents\\unifor\\2 semestre\\ambiente software\\av3\\entregavel_4\\funcoes\\SomaDeConjunto.js": {"path":"C:\\Users\\Thyago\\Documents\\unifor\\2 semestre\\ambiente software\\av3\\entregavel_4\\funcoes\\SomaDeConjunto.js","statementMap":{"0":{"start":{"line":2,"column":15},"end":{"line":2,"column":16}},"1":{"start":{"line":3,"column":4},"end":{"line":5,"column":5}},"2":{"start":{"line":3,"column":17},"end":{"line":3,"column":18}},"3":{"start":{"line":4,"column":6},"end":{"line":4,"column":23}},"4":{"start":{"line":6,"column":4},"end":{"line":6,"column":16}},"5":{"start":{"line":9,"column":2},"end":{"line":9,"column":34}}},"fnMap":{"0":{"name":"SomaDeConjunto","decl":{"start":{"line":1,"column":9},"end":{"line":1,"column":23}},"loc":{"start":{"line":1,"column":31},"end":{"line":7,"column":3}},"line":1}},"branchMap":{},"s":{"0":10,"1":10,"2":10,"3":18,"4":10,"5":2},"f":{"0":10},"b":{},"_coverageSchema":"1a1c01bbd47fc00a2c39e90264f33305004495a9","hash":"07cb6d15acdfc4befdf4e371feab8da361d09e4a"}
}
