TN:
SF:funcoes\Contagem.js
FN:1,Contagem
FNF:1
FNH:1
FNDA:4,Contagem
DA:2,4
DA:3,4
DA:5,4
DA:6,40
DA:7,22
DA:9,18
DA:13,4
DA:16,2
LF:8
LH:8
BRDA:6,0,0,22
BRDA:6,0,1,18
BRF:2
BRH:2
end_of_record
TN:
SF:funcoes\Fibonacci.js
FN:1,Fibonacci
FNF:1
FNH:1
FNDA:4,Fibonacci
DA:4,4
DA:5,4
DA:7,4
DA:8,0
DA:9,4
DA:10,0
DA:11,4
DA:12,2
DA:15,2
DA:17,2
DA:18,16
DA:19,16
DA:20,16
DA:21,16
DA:23,2
DA:27,2
LF:16
LH:14
BRDA:7,0,0,0
BRDA:7,0,1,4
BRDA:9,1,0,0
BRDA:9,1,1,4
BRDA:11,2,0,2
BRDA:11,2,1,2
BRF:6
BRH:4
end_of_record
TN:
SF:funcoes\MDC.js
FN:1,MDC
FNF:1
FNH:1
FNDA:14,MDC
DA:2,14
DA:3,4
DA:5,10
DA:8,2
LF:4
LH:4
BRDA:2,0,0,4
BRDA:2,0,1,10
BRF:2
BRH:2
end_of_record
TN:
SF:funcoes\NumeroPrimo.js
FN:1,NumeroPrimo
FNF:1
FNH:1
FNDA:4,NumeroPrimo
DA:2,4
DA:3,0
DA:6,4
DA:7,56
DA:8,2
DA:12,2
DA:15,2
LF:7
LH:6
BRDA:2,0,0,0
BRDA:2,0,1,4
BRDA:7,1,0,2
BRDA:7,1,1,54
BRF:4
BRH:3
end_of_record
TN:
SF:funcoes\Ordenaçao.js
FN:1,Ordenacao
FNF:1
FNH:1
FNDA:38,Ordenacao
DA:2,38
DA:3,22
DA:6,16
DA:7,16
DA:9,16
DA:10,16
DA:12,16
DA:13,78
DA:14,16
DA:17,62
DA:18,21
DA:20,41
DA:24,16
DA:27,2
LF:14
LH:14
BRDA:2,0,0,22
BRDA:2,0,1,16
BRDA:13,1,0,16
BRDA:13,1,1,62
BRDA:17,2,0,21
BRDA:17,2,1,41
BRF:6
BRH:6
end_of_record
TN:
SF:funcoes\SomaDeConjunto.js
FN:1,SomaDeConjunto
FNF:1
FNH:1
FNDA:10,SomaDeConjunto
DA:2,10
DA:3,10
DA:4,18
DA:6,10
DA:9,2
LF:5
LH:5
BRF:0
BRH:0
end_of_record
